<?xml version="1.0" encoding="UTF-8"?>
<!-- Generated by org.testng.reporters.JUnitReportReporter -->
<testsuite hostname="DESKTOP-6A5B43O" failures="0" tests="1" name="Dropdown_types.AutoSuggestDropDown" time="7.155" errors="0" timestamp="2025-01-07T14:23:59 IST" skipped="0">
  <testcase classname="Dropdown_types.AutoSuggestDropDown" name="autoSuggest" time="7.155"/>
  <system-out/>
</testsuite> <!-- Dropdown_types.AutoSuggestDropDown -->
