<?xml version="1.0" encoding="UTF-8"?>
<!-- Generated by org.testng.reporters.JUnitReportReporter -->
<testsuite hostname="DESKTOP-6A5B43O" failures="0" tests="2" name="jan4.AllCompnyName" time="41.357" errors="0" timestamp="2025-01-05T15:25:37 IST" skipped="0">
  <testcase classname="jan4.AllCompnyName" name="test" time="24.198"/>
  <system-out/>
  <testcase classname="jan4.AllCompnyName" name="test" time="17.159"/>
  <system-out/>
</testsuite> <!-- jan4.AllCompnyName -->
