<?xml version="1.0" encoding="UTF-8"?>
<!-- Generated by org.testng.reporters.JUnitReportReporter -->
<testsuite hostname="DESKTOP-6A5B43O" failures="0" tests="1" name="Dropdown_types.BootstrapOrMultiSelect" time="3.954" errors="0" timestamp="2025-01-06T01:04:59 IST" skipped="0">
  <testcase classname="Dropdown_types.BootstrapOrMultiSelect" name="DropDown" time="3.954"/>
  <system-out/>
</testsuite> <!-- Dropdown_types.BootstrapOrMultiSelect -->
