<?xml version="1.0" encoding="UTF-8"?>
<!-- Generated by org.testng.reporters.JUnitReportReporter -->
<testsuite hostname="DESKTOP-6A5B43O" failures="0" tests="1" name="Dropdown_types.HiddenDropDownList" time="16.313" errors="0" timestamp="2025-01-07T13:57:04 IST" skipped="0">
  <testcase classname="Dropdown_types.HiddenDropDownList" name="flipkartElectronicFuncstionality" time="16.313"/>
  <system-out/>
</testsuite> <!-- Dropdown_types.HiddenDropDownList -->
