<?xml version="1.0" encoding="UTF-8"?>
<!-- Generated by org.testng.reporters.JUnitReportReporter -->
<testsuite hostname="DESKTOP-6A5B43O" failures="0" tests="2" name="jan4.GetComapnyNames" time="33.161" errors="0" timestamp="2025-01-05T15:37:58 IST" skipped="0">
  <testcase classname="jan4.GetComapnyNames" name="test" time="17.835"/>
  <system-out/>
  <testcase classname="jan4.GetComapnyNames" name="test" time="15.326"/>
  <system-out/>
</testsuite> <!-- jan4.GetComapnyNames -->
