<?xml version="1.0" encoding="UTF-8"?>
<!-- Generated by org.testng.reporters.JUnitReportReporter -->
<testsuite hostname="DESKTOP-6A5B43O" failures="0" tests="1" name="Dropdown_types.SelectDropdown" time="8.631" errors="0" timestamp="2025-01-05T23:52:05 IST" skipped="0">
  <testcase classname="Dropdown_types.SelectDropdown" name="dropDownWithSelectTag" time="8.631"/>
  <system-out/>
</testsuite> <!-- Dropdown_types.SelectDropdown -->
